This file contains any messages produced by compilers while
running configure, to aid debugging if configure makes a mistake.

It was created by FULL-PACKAGE-NAME configure VERSION, which was
generated by GNU Autoconf 2.63.  Invocation command line was

  $ ./configure 

## --------- ##
## Platform. ##
## --------- ##

hostname = Madas-MacBook-Pro.local
uname -m = arm64
uname -r = 20.3.0
uname -s = Darwin
uname -v = Darwin Kernel Version 20.3.0: Thu Jan 21 00:06:51 PST 2021; root:xnu-7195.81.3~1/RELEASE_ARM64_T8101

/usr/bin/uname -p = arm
/bin/uname -X     = unknown

/bin/arch              = unknown
/usr/bin/arch -k       = unknown
/usr/convex/getsysinfo = unknown
/usr/bin/hostinfo      = Mach kernel version:
	 Darwin Kernel Version 20.3.0: Thu Jan 21 00:06:51 PST 2021; root:xnu-7195.81.3~1/RELEASE_ARM64_T8101
Kernel configured for up to 8 processors.
8 processors are physically available.
8 processors are logically available.
Processor type: arm64e (ARM64E)
Processors active: 0 1 2 3 4 5 6 7
Primary memory available: 16.00 gigabytes
Default processor set: 470 tasks, 3294 threads, 8 processors
Load average: 1.49, Mach factor: 6.52
/bin/machine           = unknown
/usr/bin/oslevel       = unknown
/bin/universe          = unknown

PATH: /usr/local/bin
PATH: /Applications/CMake.app/Contents/bin
PATH: /Users/madag/miniconda3/bin
PATH: /Users/madag/miniconda3/condabin
PATH: /opt/homebrew/bin
PATH: /opt/homebrew/sbin
PATH: /usr/local/bin
PATH: /usr/bin
PATH: /bin
PATH: /usr/sbin
PATH: /sbin
PATH: /Library/TeX/texbin
PATH: /usr/local/share/dotnet
PATH: ~/.dotnet/tools
PATH: /Library/Frameworks/Mono.framework/Versions/Current/Commands
PATH: /opt/homebrew/Cellar/blast/2.12.0/bin/


## ----------- ##
## Core tests. ##
## ----------- ##

configure:1886: checking for a BSD-compatible install
configure:1954: result: /usr/bin/install -c
configure:1965: checking whether build environment is sane
configure:2025: result: yes
configure:2166: checking for a thread-safe mkdir -p
configure:2205: result: ./install-sh -c -d
configure:2218: checking for gawk
configure:2248: result: no
configure:2218: checking for mawk
configure:2248: result: no
configure:2218: checking for nawk
configure:2248: result: no
configure:2218: checking for awk
configure:2234: found /usr/bin/awk
configure:2245: result: awk
configure:2256: checking whether make sets $(MAKE)
configure:2278: result: yes
configure:2420: checking for g++
configure:2436: found /usr/bin/g++
configure:2447: result: g++
configure:2474: checking for C++ compiler version
configure:2482: g++ --version >&5
Configured with: --prefix=/Library/Developer/CommandLineTools/usr --with-gxx-include-dir=/Library/Developer/CommandLineTools/SDKs/MacOSX.sdk/usr/include/c++/4.2.1
Apple clang version 12.0.5 (clang-1205.0.22.11)
Target: arm64-apple-darwin20.3.0
Thread model: posix
InstalledDir: /Library/Developer/CommandLineTools/usr/bin
configure:2486: $? = 0
configure:2493: g++ -v >&5
Configured with: --prefix=/Library/Developer/CommandLineTools/usr --with-gxx-include-dir=/Library/Developer/CommandLineTools/SDKs/MacOSX.sdk/usr/include/c++/4.2.1
Apple clang version 12.0.5 (clang-1205.0.22.11)
Target: arm64-apple-darwin20.3.0
Thread model: posix
InstalledDir: /Library/Developer/CommandLineTools/usr/bin
configure:2497: $? = 0
configure:2504: g++ -V >&5
clang: error: argument to '-V' is missing (expected 1 value)
clang: error: no input files
configure:2508: $? = 1
configure:2531: checking for C++ compiler default output file name
configure:2553: g++    conftest.cpp  >&5
configure:2557: $? = 0
configure:2595: result: a.out
configure:2614: checking whether the C++ compiler works
configure:2624: ./a.out
configure:2628: $? = 0
configure:2647: result: yes
configure:2654: checking whether we are cross compiling
configure:2656: result: no
configure:2659: checking for suffix of executables
configure:2666: g++ -o conftest    conftest.cpp  >&5
configure:2670: $? = 0
configure:2696: result: 
configure:2702: checking for suffix of object files
configure:2728: g++ -c   conftest.cpp >&5
configure:2732: $? = 0
configure:2757: result: o
configure:2761: checking whether we are using the GNU C++ compiler
configure:2790: g++ -c   conftest.cpp >&5
configure:2797: $? = 0
configure:2814: result: yes
configure:2823: checking whether g++ accepts -g
configure:2853: g++ -c -g  conftest.cpp >&5
configure:2860: $? = 0
configure:2961: result: yes
configure:2995: checking for style of include used by make
configure:3023: result: GNU
configure:3048: checking dependency style of g++
configure:3158: result: gcc3
configure:3221: checking for gcc
configure:3237: found /usr/bin/gcc
configure:3248: result: gcc
configure:3480: checking for C compiler version
configure:3488: gcc --version >&5
Configured with: --prefix=/Library/Developer/CommandLineTools/usr --with-gxx-include-dir=/Library/Developer/CommandLineTools/SDKs/MacOSX.sdk/usr/include/c++/4.2.1
Apple clang version 12.0.5 (clang-1205.0.22.11)
Target: arm64-apple-darwin20.3.0
Thread model: posix
InstalledDir: /Library/Developer/CommandLineTools/usr/bin
configure:3492: $? = 0
configure:3499: gcc -v >&5
Configured with: --prefix=/Library/Developer/CommandLineTools/usr --with-gxx-include-dir=/Library/Developer/CommandLineTools/SDKs/MacOSX.sdk/usr/include/c++/4.2.1
Apple clang version 12.0.5 (clang-1205.0.22.11)
Target: arm64-apple-darwin20.3.0
Thread model: posix
InstalledDir: /Library/Developer/CommandLineTools/usr/bin
configure:3503: $? = 0
configure:3510: gcc -V >&5
clang: error: argument to '-V' is missing (expected 1 value)
clang: error: no input files
configure:3514: $? = 1
configure:3517: checking whether we are using the GNU C compiler
configure:3546: gcc -c   conftest.c >&5
configure:3553: $? = 0
configure:3570: result: yes
configure:3579: checking whether gcc accepts -g
configure:3609: gcc -c -g  conftest.c >&5
configure:3616: $? = 0
configure:3717: result: yes
configure:3734: checking for gcc option to accept ISO C89
configure:3808: gcc  -c -g -O2  conftest.c >&5
configure:3815: $? = 0
configure:3838: result: none needed
configure:3858: checking dependency style of gcc
configure:3968: result: gcc3
configure:3993: checking how to run the C preprocessor
configure:4033: gcc -E  conftest.c
configure:4040: $? = 0
configure:4071: gcc -E  conftest.c
conftest.c:10:10: fatal error: 'ac_nonexistent.h' file not found
#include <ac_nonexistent.h>
         ^~~~~~~~~~~~~~~~~~
1 error generated.
configure:4078: $? = 1
configure: failed program was:
| /* confdefs.h.  */
| #define PACKAGE_NAME "FULL-PACKAGE-NAME"
| #define PACKAGE_TARNAME "full-package-name"
| #define PACKAGE_VERSION "VERSION"
| #define PACKAGE_STRING "FULL-PACKAGE-NAME VERSION"
| #define PACKAGE_BUGREPORT "BUG-REPORT-ADDRESS"
| #define PACKAGE "pbsim"
| #define VERSION "1.1.0"
| /* end confdefs.h.  */
| #include <ac_nonexistent.h>
configure:4111: result: gcc -E
configure:4140: gcc -E  conftest.c
configure:4147: $? = 0
configure:4178: gcc -E  conftest.c
conftest.c:10:10: fatal error: 'ac_nonexistent.h' file not found
#include <ac_nonexistent.h>
         ^~~~~~~~~~~~~~~~~~
1 error generated.
configure:4185: $? = 1
configure: failed program was:
| /* confdefs.h.  */
| #define PACKAGE_NAME "FULL-PACKAGE-NAME"
| #define PACKAGE_TARNAME "full-package-name"
| #define PACKAGE_VERSION "VERSION"
| #define PACKAGE_STRING "FULL-PACKAGE-NAME VERSION"
| #define PACKAGE_BUGREPORT "BUG-REPORT-ADDRESS"
| #define PACKAGE "pbsim"
| #define VERSION "1.1.0"
| /* end confdefs.h.  */
| #include <ac_nonexistent.h>
configure:4225: checking for grep that handles long lines and -e
configure:4285: result: /usr/bin/grep
configure:4290: checking for egrep
configure:4354: result: /usr/bin/grep -E
configure:4359: checking for ANSI C header files
configure:4389: gcc -c -g -O2  conftest.c >&5
configure:4396: $? = 0
configure:4495: gcc -o conftest -g -O2   conftest.c  >&5
configure:4499: $? = 0
configure:4505: ./conftest
configure:4509: $? = 0
configure:4527: result: yes
configure:4551: checking for sys/types.h
configure:4572: gcc -c -g -O2  conftest.c >&5
configure:4579: $? = 0
configure:4596: result: yes
configure:4551: checking for sys/stat.h
configure:4572: gcc -c -g -O2  conftest.c >&5
configure:4579: $? = 0
configure:4596: result: yes
configure:4551: checking for stdlib.h
configure:4572: gcc -c -g -O2  conftest.c >&5
configure:4579: $? = 0
configure:4596: result: yes
configure:4551: checking for string.h
configure:4572: gcc -c -g -O2  conftest.c >&5
configure:4579: $? = 0
configure:4596: result: yes
configure:4551: checking for memory.h
configure:4572: gcc -c -g -O2  conftest.c >&5
configure:4579: $? = 0
configure:4596: result: yes
configure:4551: checking for strings.h
configure:4572: gcc -c -g -O2  conftest.c >&5
configure:4579: $? = 0
configure:4596: result: yes
configure:4551: checking for inttypes.h
configure:4572: gcc -c -g -O2  conftest.c >&5
configure:4579: $? = 0
configure:4596: result: yes
configure:4551: checking for stdint.h
configure:4572: gcc -c -g -O2  conftest.c >&5
configure:4579: $? = 0
configure:4596: result: yes
configure:4551: checking for unistd.h
configure:4572: gcc -c -g -O2  conftest.c >&5
configure:4579: $? = 0
configure:4596: result: yes
configure:4630: checking limits.h usability
configure:4647: gcc -c -g -O2  conftest.c >&5
configure:4654: $? = 0
configure:4668: result: yes
configure:4672: checking limits.h presence
configure:4687: gcc -E  conftest.c
configure:4694: $? = 0
configure:4708: result: yes
configure:4741: checking for limits.h
configure:4750: result: yes
configure:4619: checking for stdlib.h
configure:4626: result: yes
configure:4619: checking for string.h
configure:4626: result: yes
configure:4630: checking sys/time.h usability
configure:4647: gcc -c -g -O2  conftest.c >&5
configure:4654: $? = 0
configure:4668: result: yes
configure:4672: checking sys/time.h presence
configure:4687: gcc -E  conftest.c
configure:4694: $? = 0
configure:4708: result: yes
configure:4741: checking for sys/time.h
configure:4750: result: yes
configure:4619: checking for unistd.h
configure:4626: result: yes
configure:4767: checking whether time.h and sys/time.h may both be included
configure:4797: gcc -c -g -O2  conftest.c >&5
configure:4804: $? = 0
configure:4819: result: yes
configure:4836: checking for stdlib.h
configure:4843: result: yes
configure:4982: checking for GNU libc compatible malloc
configure:5016: gcc -o conftest -g -O2   conftest.c  >&5
configure:5020: $? = 0
configure:5026: ./conftest
configure:5030: $? = 0
configure:5047: result: yes
configure:5083: checking for floor
configure:5139: gcc -o conftest -g -O2   conftest.c  >&5
conftest.c:51:6: warning: incompatible redeclaration of library function 'floor' [-Wincompatible-library-redeclaration]
char floor ();
     ^
conftest.c:51:6: note: 'floor' is a builtin with type 'double (double)'
1 warning generated.
configure:5146: $? = 0
configure:5168: result: yes
configure:5083: checking for gettimeofday
configure:5139: gcc -o conftest -g -O2   conftest.c  >&5
configure:5146: $? = 0
configure:5168: result: yes
configure:5083: checking for memset
configure:5139: gcc -o conftest -g -O2   conftest.c  >&5
conftest.c:53:6: warning: incompatible redeclaration of library function 'memset' [-Wincompatible-library-redeclaration]
char memset ();
     ^
conftest.c:53:6: note: 'memset' is a builtin with type 'void *(void *, int, unsigned long)'
1 warning generated.
configure:5146: $? = 0
configure:5168: result: yes
configure:5083: checking for pow
configure:5139: gcc -o conftest -g -O2   conftest.c  >&5
conftest.c:54:6: warning: incompatible redeclaration of library function 'pow' [-Wincompatible-library-redeclaration]
char pow ();
     ^
conftest.c:54:6: note: 'pow' is a builtin with type 'double (double, double)'
1 warning generated.
configure:5146: $? = 0
configure:5168: result: yes
configure:5083: checking for sqrt
configure:5139: gcc -o conftest -g -O2   conftest.c  >&5
conftest.c:55:6: warning: incompatible redeclaration of library function 'sqrt' [-Wincompatible-library-redeclaration]
char sqrt ();
     ^
conftest.c:55:6: note: 'sqrt' is a builtin with type 'double (double)'
1 warning generated.
configure:5146: $? = 0
configure:5168: result: yes
configure:5314: creating ./config.status

## ---------------------- ##
## Running config.status. ##
## ---------------------- ##

This file was extended by FULL-PACKAGE-NAME config.status VERSION, which was
generated by GNU Autoconf 2.63.  Invocation command line was

  CONFIG_FILES    = 
  CONFIG_HEADERS  = 
  CONFIG_LINKS    = 
  CONFIG_COMMANDS = 
  $ ./config.status 

on Madas-MacBook-Pro.local

config.status:791: creating Makefile
config.status:791: creating src/Makefile
config.status:791: creating config.h
config.status:1065: executing depfiles commands

## ---------------- ##
## Cache variables. ##
## ---------------- ##

ac_cv_c_compiler_gnu=yes
ac_cv_cxx_compiler_gnu=yes
ac_cv_env_CCC_set=
ac_cv_env_CCC_value=
ac_cv_env_CC_set=
ac_cv_env_CC_value=
ac_cv_env_CFLAGS_set=
ac_cv_env_CFLAGS_value=
ac_cv_env_CPPFLAGS_set=
ac_cv_env_CPPFLAGS_value=
ac_cv_env_CPP_set=
ac_cv_env_CPP_value=
ac_cv_env_CXXFLAGS_set=
ac_cv_env_CXXFLAGS_value=
ac_cv_env_CXX_set=
ac_cv_env_CXX_value=
ac_cv_env_LDFLAGS_set=
ac_cv_env_LDFLAGS_value=
ac_cv_env_LIBS_set=
ac_cv_env_LIBS_value=
ac_cv_env_build_alias_set=
ac_cv_env_build_alias_value=
ac_cv_env_host_alias_set=
ac_cv_env_host_alias_value=
ac_cv_env_target_alias_set=
ac_cv_env_target_alias_value=
ac_cv_func_floor=yes
ac_cv_func_gettimeofday=yes
ac_cv_func_malloc_0_nonnull=yes
ac_cv_func_memset=yes
ac_cv_func_pow=yes
ac_cv_func_sqrt=yes
ac_cv_header_inttypes_h=yes
ac_cv_header_limits_h=yes
ac_cv_header_memory_h=yes
ac_cv_header_stdc=yes
ac_cv_header_stdint_h=yes
ac_cv_header_stdlib_h=yes
ac_cv_header_string_h=yes
ac_cv_header_strings_h=yes
ac_cv_header_sys_stat_h=yes
ac_cv_header_sys_time_h=yes
ac_cv_header_sys_types_h=yes
ac_cv_header_time=yes
ac_cv_header_unistd_h=yes
ac_cv_objext=o
ac_cv_path_EGREP='/usr/bin/grep -E'
ac_cv_path_GREP=/usr/bin/grep
ac_cv_path_install='/usr/bin/install -c'
ac_cv_prog_AWK=awk
ac_cv_prog_CPP='gcc -E'
ac_cv_prog_ac_ct_CC=gcc
ac_cv_prog_ac_ct_CXX=g++
ac_cv_prog_cc_c89=
ac_cv_prog_cc_g=yes
ac_cv_prog_cxx_g=yes
ac_cv_prog_make_make_set=yes
am_cv_CC_dependencies_compiler_type=gcc3
am_cv_CXX_dependencies_compiler_type=gcc3

## ----------------- ##
## Output variables. ##
## ----------------- ##

ACLOCAL='${SHELL} /Users/madag/Projects/tools/forks/pbsim2/missing --run aclocal-1.11'
AMDEPBACKSLASH='\'
AMDEP_FALSE='#'
AMDEP_TRUE=''
AMTAR='${SHELL} /Users/madag/Projects/tools/forks/pbsim2/missing --run tar'
AUTOCONF='${SHELL} /Users/madag/Projects/tools/forks/pbsim2/missing --run autoconf'
AUTOHEADER='${SHELL} /Users/madag/Projects/tools/forks/pbsim2/missing --run autoheader'
AUTOMAKE='${SHELL} /Users/madag/Projects/tools/forks/pbsim2/missing --run automake-1.11'
AWK='awk'
CC='gcc'
CCDEPMODE='depmode=gcc3'
CFLAGS='-g -O2'
CPP='gcc -E'
CPPFLAGS=''
CXX='g++'
CXXDEPMODE='depmode=gcc3'
CXXFLAGS='-g -O2'
CYGPATH_W='echo'
DEFS='-DHAVE_CONFIG_H'
DEPDIR='.deps'
ECHO_C='\c'
ECHO_N=''
ECHO_T=''
EGREP='/usr/bin/grep -E'
EXEEXT=''
GREP='/usr/bin/grep'
INSTALL_DATA='${INSTALL} -m 644'
INSTALL_PROGRAM='${INSTALL}'
INSTALL_SCRIPT='${INSTALL}'
INSTALL_STRIP_PROGRAM='$(install_sh) -c -s'
LDFLAGS=''
LIBOBJS=''
LIBS=''
LTLIBOBJS=''
MAKEINFO='${SHELL} /Users/madag/Projects/tools/forks/pbsim2/missing --run makeinfo'
MKDIR_P='./install-sh -c -d'
OBJEXT='o'
PACKAGE='pbsim'
PACKAGE_BUGREPORT='BUG-REPORT-ADDRESS'
PACKAGE_NAME='FULL-PACKAGE-NAME'
PACKAGE_STRING='FULL-PACKAGE-NAME VERSION'
PACKAGE_TARNAME='full-package-name'
PACKAGE_VERSION='VERSION'
PATH_SEPARATOR=':'
SET_MAKE=''
SHELL='/bin/sh'
STRIP=''
VERSION='1.1.0'
ac_ct_CC='gcc'
ac_ct_CXX='g++'
am__EXEEXT_FALSE=''
am__EXEEXT_TRUE='#'
am__fastdepCC_FALSE='#'
am__fastdepCC_TRUE=''
am__fastdepCXX_FALSE='#'
am__fastdepCXX_TRUE=''
am__include='include'
am__isrc=''
am__leading_dot='.'
am__quote=''
am__tar='${AMTAR} chof - "$$tardir"'
am__untar='${AMTAR} xf -'
bindir='${exec_prefix}/bin'
build_alias=''
datadir='${datarootdir}'
datarootdir='${prefix}/share'
docdir='${datarootdir}/doc/${PACKAGE_TARNAME}'
dvidir='${docdir}'
exec_prefix='${prefix}'
host_alias=''
htmldir='${docdir}'
includedir='${prefix}/include'
infodir='${datarootdir}/info'
install_sh='${SHELL} /Users/madag/Projects/tools/forks/pbsim2/install-sh'
libdir='${exec_prefix}/lib'
libexecdir='${exec_prefix}/libexec'
localedir='${datarootdir}/locale'
localstatedir='${prefix}/var'
mandir='${datarootdir}/man'
mkdir_p='$(top_builddir)/./install-sh -c -d'
oldincludedir='/usr/include'
pdfdir='${docdir}'
prefix='/usr/local'
program_transform_name='s,x,x,'
psdir='${docdir}'
sbindir='${exec_prefix}/sbin'
sharedstatedir='${prefix}/com'
sysconfdir='${prefix}/etc'
target_alias=''

## ----------- ##
## confdefs.h. ##
## ----------- ##

#define PACKAGE_NAME "FULL-PACKAGE-NAME"
#define PACKAGE_TARNAME "full-package-name"
#define PACKAGE_VERSION "VERSION"
#define PACKAGE_STRING "FULL-PACKAGE-NAME VERSION"
#define PACKAGE_BUGREPORT "BUG-REPORT-ADDRESS"
#define PACKAGE "pbsim"
#define VERSION "1.1.0"
#define STDC_HEADERS 1
#define HAVE_SYS_TYPES_H 1
#define HAVE_SYS_STAT_H 1
#define HAVE_STDLIB_H 1
#define HAVE_STRING_H 1
#define HAVE_MEMORY_H 1
#define HAVE_STRINGS_H 1
#define HAVE_INTTYPES_H 1
#define HAVE_STDINT_H 1
#define HAVE_UNISTD_H 1
#define HAVE_LIMITS_H 1
#define HAVE_STDLIB_H 1
#define HAVE_STRING_H 1
#define HAVE_SYS_TIME_H 1
#define HAVE_UNISTD_H 1
#define TIME_WITH_SYS_TIME 1
#define HAVE_STDLIB_H 1
#define HAVE_MALLOC 1
#define HAVE_FLOOR 1
#define HAVE_GETTIMEOFDAY 1
#define HAVE_MEMSET 1
#define HAVE_POW 1
#define HAVE_SQRT 1

configure: exit 0
